<?xml version="1.0" encoding="UTF-8"?>
<!-- Generated by org.testng.reporters.JUnitXMLReporter -->
<testsuite ignored="0" hostname="DESKTOP-DO7PUM8" failures="0" tests="5" name="Surefire test" time="28.181" errors="0" timestamp="12 Sep 2019 14:12:20 GMT">
  <testcase classname="SeleniumTest" name="findingASiteOnGoogle" time="1.914"/>
  <testcase classname="SeleniumTest" name="loginToAccountWithValidValues" time="0.003"/>
  <testcase classname="SeleniumTest" name="new2" time="0.004"/>
  <testcase classname="SeleniumTest" name="newScenario" time="0.003"/>
  <testcase classname="TestClass" name="test" time="3.513"/>
</testsuite> <!-- Surefire test -->
