<?xml version="1.0" encoding="UTF-8"?>
<testng-results ignored="0" total="5" passed="5" failed="0" skipped="0">
  <reporter-output>
  </reporter-output>
  <suite started-at="2019-09-12T14:17:17Z" name="Surefire suite" finished-at="2019-09-12T14:17:46Z" duration-ms="29638">
    <groups>
    </groups>
    <test started-at="2019-09-12T14:17:17Z" name="Surefire test" finished-at="2019-09-12T14:17:46Z" duration-ms="29638">
      <class name="TestClass">
        <test-method is-config="true" signature="setUp()[pri:0, instance:TestClass@6a74d228]" started-at="2019-09-12T14:17:39Z" name="setUp" finished-at="2019-09-12T14:17:42Z" duration-ms="3260" status="PASS">
          <reporter-output>
          </reporter-output>
        </test-method> <!-- setUp -->
        <test-method signature="test()[pri:0, instance:TestClass@6a74d228]" started-at="2019-09-12T14:17:42Z" name="test" finished-at="2019-09-12T14:17:46Z" duration-ms="3771" status="PASS">
          <reporter-output>
          </reporter-output>
        </test-method> <!-- test -->
        <test-method is-config="true" signature="after(org.testng.ITestResult)[pri:0, instance:TestClass@6a74d228]" started-at="2019-09-12T14:17:46Z" name="after" finished-at="2019-09-12T14:17:46Z" duration-ms="845" status="PASS">
          <params>
            <param index="0">
              <value>
                <![CDATA[[TestResult name=test status=SUCCESS method=TestClass.test()[pri:0, instance:TestClass@6a74d228] output={null}]]]>
              </value>
            </param>
          </params>
          <reporter-output>
          </reporter-output>
        </test-method> <!-- after -->
      </class> <!-- TestClass -->
      <class name="hiptest.SeleniumTest">
        <test-method is-config="true" signature="setUp()[pri:0, instance:hiptest.SeleniumTest@36bc415e]" started-at="2019-09-12T14:17:17Z" name="setUp" finished-at="2019-09-12T14:17:22Z" duration-ms="5217" status="PASS">
          <reporter-output>
          </reporter-output>
        </test-method> <!-- setUp -->
        <test-method signature="findingASiteOnGoogle()[pri:0, instance:hiptest.SeleniumTest@36bc415e]" started-at="2019-09-12T14:17:23Z" name="findingASiteOnGoogle" finished-at="2019-09-12T14:17:25Z" duration-ms="2280" status="PASS">
          <reporter-output>
          </reporter-output>
        </test-method> <!-- findingASiteOnGoogle -->
        <test-method is-config="true" signature="after(org.testng.ITestResult)[pri:0, instance:hiptest.SeleniumTest@36bc415e]" started-at="2019-09-12T14:17:25Z" name="after" finished-at="2019-09-12T14:17:26Z" duration-ms="1177" status="PASS">
          <params>
            <param index="0">
              <value>
                <![CDATA[[TestResult name=findingASiteOnGoogle status=SUCCESS method=SeleniumTest.findingASiteOnGoogle()[pri:0, instance:hiptest.SeleniumTest@36bc415e] output={null}]]]>
              </value>
            </param>
          </params>
          <reporter-output>
          </reporter-output>
        </test-method> <!-- after -->
        <test-method is-config="true" signature="setUp()[pri:0, instance:hiptest.SeleniumTest@36bc415e]" started-at="2019-09-12T14:17:26Z" name="setUp" finished-at="2019-09-12T14:17:30Z" duration-ms="3566" status="PASS">
          <reporter-output>
          </reporter-output>
        </test-method> <!-- setUp -->
        <test-method signature="loginToAccountWithValidValues()[pri:0, instance:hiptest.SeleniumTest@36bc415e]" started-at="2019-09-12T14:17:30Z" name="loginToAccountWithValidValues" finished-at="2019-09-12T14:17:30Z" duration-ms="7" status="PASS">
          <reporter-output>
          </reporter-output>
        </test-method> <!-- loginToAccountWithValidValues -->
        <test-method is-config="true" signature="after(org.testng.ITestResult)[pri:0, instance:hiptest.SeleniumTest@36bc415e]" started-at="2019-09-12T14:17:30Z" name="after" finished-at="2019-09-12T14:17:30Z" duration-ms="733" status="PASS">
          <params>
            <param index="0">
              <value>
                <![CDATA[[TestResult name=loginToAccountWithValidValues status=SUCCESS method=SeleniumTest.loginToAccountWithValidValues()[pri:0, instance:hiptest.SeleniumTest@36bc415e] output={null}]]]>
              </value>
            </param>
          </params>
          <reporter-output>
          </reporter-output>
        </test-method> <!-- after -->
        <test-method is-config="true" signature="setUp()[pri:0, instance:hiptest.SeleniumTest@36bc415e]" started-at="2019-09-12T14:17:30Z" name="setUp" finished-at="2019-09-12T14:17:34Z" duration-ms="3293" status="PASS">
          <reporter-output>
          </reporter-output>
        </test-method> <!-- setUp -->
        <test-method signature="new2()[pri:0, instance:hiptest.SeleniumTest@36bc415e]" started-at="2019-09-12T14:17:34Z" name="new2" finished-at="2019-09-12T14:17:34Z" duration-ms="1" status="PASS">
          <reporter-output>
          </reporter-output>
        </test-method> <!-- new2 -->
        <test-method is-config="true" signature="after(org.testng.ITestResult)[pri:0, instance:hiptest.SeleniumTest@36bc415e]" started-at="2019-09-12T14:17:34Z" name="after" finished-at="2019-09-12T14:17:34Z" duration-ms="603" status="PASS">
          <params>
            <param index="0">
              <value>
                <![CDATA[[TestResult name=new2 status=SUCCESS method=SeleniumTest.new2()[pri:0, instance:hiptest.SeleniumTest@36bc415e] output={null}]]]>
              </value>
            </param>
          </params>
          <reporter-output>
          </reporter-output>
        </test-method> <!-- after -->
        <test-method is-config="true" signature="setUp()[pri:0, instance:hiptest.SeleniumTest@36bc415e]" started-at="2019-09-12T14:17:34Z" name="setUp" finished-at="2019-09-12T14:17:38Z" duration-ms="3235" status="PASS">
          <reporter-output>
          </reporter-output>
        </test-method> <!-- setUp -->
        <test-method signature="newScenario()[pri:0, instance:hiptest.SeleniumTest@36bc415e]" started-at="2019-09-12T14:17:38Z" name="newScenario" finished-at="2019-09-12T14:17:38Z" duration-ms="6" status="PASS">
          <reporter-output>
          </reporter-output>
        </test-method> <!-- newScenario -->
        <test-method is-config="true" signature="after(org.testng.ITestResult)[pri:0, instance:hiptest.SeleniumTest@36bc415e]" started-at="2019-09-12T14:17:38Z" name="after" finished-at="2019-09-12T14:17:39Z" duration-ms="927" status="PASS">
          <params>
            <param index="0">
              <value>
                <![CDATA[[TestResult name=newScenario status=SUCCESS method=SeleniumTest.newScenario()[pri:0, instance:hiptest.SeleniumTest@36bc415e] output={null}]]]>
              </value>
            </param>
          </params>
          <reporter-output>
          </reporter-output>
        </test-method> <!-- after -->
      </class> <!-- hiptest.SeleniumTest -->
    </test> <!-- Surefire test -->
  </suite> <!-- Surefire suite -->
</testng-results>
