<?xml version="1.0" encoding="UTF-8"?>
<testng-results ignored="0" total="1" passed="1" failed="0" skipped="0">
  <reporter-output>
  </reporter-output>
  <suite started-at="2019-09-12T11:49:33Z" name="Surefire suite" finished-at="2019-09-12T11:49:43Z" duration-ms="10147">
    <groups>
    </groups>
    <test started-at="2019-09-12T11:49:33Z" name="Surefire test" finished-at="2019-09-12T11:49:43Z" duration-ms="10147">
      <class name="TestClass">
        <test-method is-config="true" signature="setUp()[pri:0, instance:TestClass@585c13de]" started-at="2019-09-12T11:49:33Z" name="setUp" finished-at="2019-09-12T11:49:39Z" duration-ms="5220" status="PASS">
          <reporter-output>
          </reporter-output>
        </test-method> <!-- setUp -->
        <test-method signature="test()[pri:0, instance:TestClass@585c13de]" started-at="2019-09-12T11:49:39Z" name="test" finished-at="2019-09-12T11:49:43Z" duration-ms="3877" status="PASS">
          <reporter-output>
          </reporter-output>
        </test-method> <!-- test -->
        <test-method is-config="true" signature="after(org.testng.ITestResult)[pri:0, instance:TestClass@585c13de]" started-at="2019-09-12T11:49:43Z" name="after" finished-at="2019-09-12T11:49:43Z" duration-ms="834" status="PASS">
          <params>
            <param index="0">
              <value>
                <![CDATA[[TestResult name=test status=SUCCESS method=TestClass.test()[pri:0, instance:TestClass@585c13de] output={null}]]]>
              </value>
            </param>
          </params>
          <reporter-output>
          </reporter-output>
        </test-method> <!-- after -->
      </class> <!-- TestClass -->
    </test> <!-- Surefire test -->
  </suite> <!-- Surefire suite -->
</testng-results>
