<?xml version="1.0" encoding="UTF-8"?>
<testsuite xmlns:xsi="http://www.w3.org/2001/XMLSchema-instance" xsi:schemaLocation="https://maven.apache.org/surefire/maven-surefire-plugin/xsd/surefire-test-report.xsd" name="TestSuite" time="28.425" tests="5" errors="0" skipped="0" failures="0">
  <properties>
[...]
</properties>
  <testcase name="findingASiteOnGoogle" classname="SeleniumTest" time="1.557"/>
  <testcase name="loginToAccountWithValidValues" classname="SeleniumTest" time="0.006"/>
  <testcase name="new2" classname="SeleniumTest" time="0.006"/>
  <testcase name="newScenario" classname="SeleniumTest" time="0.006"/>
  <testcase name="test" classname="TestClass" time="3.834"/>
</testsuite>